<?xml version="1.0" encoding="UTF-8"?>
<testsuite name="ru.innopolis.uni.course3.ofedorova.spring_controllers.HomeControllerTest" tests="1" skipped="0" failures="0" errors="0" timestamp="2017-01-07T13:36:10" hostname="PoluhNote" time="0.006">
  <properties/>
  <testcase name="whenShowHomePage" classname="ru.innopolis.uni.course3.ofedorova.spring_controllers.HomeControllerTest" time="0.006"/>
  <system-out><![CDATA[]]></system-out>
  <system-err><![CDATA[]]></system-err>
</testsuite>
