<?xml version="1.0" encoding="UTF-8"?>
<testsuite name="ru.innopolis.uni.course3.ofedorova.spring.mvc.controllers.MVCControllerCommonTest" tests="2" skipped="0" failures="0" errors="0" timestamp="2017-01-18T13:25:57" hostname="PoluhNote" time="0.0">
  <properties/>
  <testcase name="whenShowHomePageAndUserAuthorized" classname="ru.innopolis.uni.course3.ofedorova.spring.mvc.controllers.MVCControllerCommonTest" time="0.0"/>
  <testcase name="whenShowPageError" classname="ru.innopolis.uni.course3.ofedorova.spring.mvc.controllers.MVCControllerCommonTest" time="0.0"/>
  <system-out><![CDATA[]]></system-out>
  <system-err><![CDATA[]]></system-err>
</testsuite>
