<?xml version="1.0" encoding="UTF-8"?>
<testsuite name="ru.innopolis.uni.course3.ofedorova.services.users.ServiceForValidateDataOfUsersImplTest" tests="11" skipped="0" failures="0" errors="0" timestamp="2017-01-18T13:25:57" hostname="PoluhNote" time="0.247">
  <properties/>
  <testcase name="whenValidateLoginTrue" classname="ru.innopolis.uni.course3.ofedorova.services.users.ServiceForValidateDataOfUsersImplTest" time="0.237"/>
  <testcase name="whenCheckPasswordsFalse" classname="ru.innopolis.uni.course3.ofedorova.services.users.ServiceForValidateDataOfUsersImplTest" time="0.0"/>
  <testcase name="whenPasswordNotEmpty" classname="ru.innopolis.uni.course3.ofedorova.services.users.ServiceForValidateDataOfUsersImplTest" time="0.0"/>
  <testcase name="whenValidateLoginFalse" classname="ru.innopolis.uni.course3.ofedorova.services.users.ServiceForValidateDataOfUsersImplTest" time="0.0"/>
  <testcase name="whenPasswordEmpty" classname="ru.innopolis.uni.course3.ofedorova.services.users.ServiceForValidateDataOfUsersImplTest" time="0.0"/>
  <testcase name="whenCheckPasswordsTrue" classname="ru.innopolis.uni.course3.ofedorova.services.users.ServiceForValidateDataOfUsersImplTest" time="0.0"/>
  <testcase name="whenCheckDataForEdidFalseInputCurrentPasswordNotEqualsCurrentPasswordDB" classname="ru.innopolis.uni.course3.ofedorova.services.users.ServiceForValidateDataOfUsersImplTest" time="0.0"/>
  <testcase name="whenCheckDataForEdidFalseNewPasswordNotEqualsConfirmPassword" classname="ru.innopolis.uni.course3.ofedorova.services.users.ServiceForValidateDataOfUsersImplTest" time="0.0"/>
  <testcase name="whenCheckNameAndReturnFalse" classname="ru.innopolis.uni.course3.ofedorova.services.users.ServiceForValidateDataOfUsersImplTest" time="0.0"/>
  <testcase name="whenCheckDataForEdidTrue" classname="ru.innopolis.uni.course3.ofedorova.services.users.ServiceForValidateDataOfUsersImplTest" time="0.0"/>
  <testcase name="whenCheckNameAndReturnTrue" classname="ru.innopolis.uni.course3.ofedorova.services.users.ServiceForValidateDataOfUsersImplTest" time="0.01"/>
  <system-out><![CDATA[log4j: Parsing for [root] with value=[WARN, application].
log4j: Level token is [WARN].
log4j: Category root set to WARN
log4j: Parsing appender named "application".
log4j: Parsing layout options for "application".
log4j: Setting property [conversionPattern] to [%p %c: %m%n].
log4j: End of parsing for "application".
log4j: Setting property [file] to [ISTeachingProgramming.log].
log4j: setFile called: ISTeachingProgramming.log, true
log4j: setFile ended
log4j: Parsed "application" options.
log4j: Parsing for [ru.innopolis.uni.course3] with value=[INFO, application].
log4j: Level token is [INFO].
log4j: Category ru.innopolis.uni.course3 set to INFO
log4j: Parsing appender named "application".
log4j: Appender "application" was already parsed.
log4j: Handling log4j.additivity.ru.innopolis.uni.course3=[null]
log4j: Finished configuring.
]]></system-out>
  <system-err><![CDATA[SLF4J: Class path contains multiple SLF4J bindings.
SLF4J: Found binding in [jar:file:/C:/Users/Olga/.m2/repository/org/slf4j/slf4j-log4j12/1.7.21/slf4j-log4j12-1.7.21.jar!/org/slf4j/impl/StaticLoggerBinder.class]
SLF4J: Found binding in [jar:file:/C:/Users/Olga/.gradle/caches/modules-2/files-2.1/org.slf4j/slf4j-simple/1.7.7/8095d0b9f7e0a9cd79a663c740e0f8fb31d0e2c8/slf4j-simple-1.7.7.jar!/org/slf4j/impl/StaticLoggerBinder.class]
SLF4J: See http://www.slf4j.org/codes.html#multiple_bindings for an explanation.
SLF4J: Actual binding is of type [org.slf4j.impl.Log4jLoggerFactory]
]]></system-err>
</testsuite>
